<?xml version="1.0" encoding="UTF-8"?>
<testng-results ignored="0" total="1" passed="1" failed="0" skipped="0">
  <reporter-output>
  </reporter-output>
  <suite started-at="2022-02-20T19:37:53 IST" name="Default suite" finished-at="2022-02-20T19:38:18 IST" duration-ms="24901">
    <groups>
    </groups>
    <test started-at="2022-02-20T19:37:53 IST" name="Default test" finished-at="2022-02-20T19:38:18 IST" duration-ms="24901">
      <class name="test.TestNGTodo2">
        <test-method is-config="true" signature="setup(java.lang.reflect.Method,org.testng.ITestContext)[pri:0, instance:test.TestNGTodo2@11bd0f3b]" started-at="2022-02-20T19:37:53 IST" name="setup" finished-at="2022-02-20T19:37:59 IST" duration-ms="5854" status="PASS">
          <params>
            <param index="0">
              <value>
                <![CDATA[public void test.TestNGTodo2.basictest() throws java.lang.InterruptedException]]>
              </value>
            </param>
            <param index="1">
              <value>
                <![CDATA[org.testng.TestRunner@57f64f5e]]>
              </value>
            </param>
          </params>
          <reporter-output>
          </reporter-output>
        </test-method> <!-- setup -->
        <test-method signature="basictest()[pri:0, instance:test.TestNGTodo2@11bd0f3b]" started-at="2022-02-20T19:37:59 IST" name="basictest" finished-at="2022-02-20T19:38:18 IST" duration-ms="18583" status="PASS">
          <reporter-output>
          </reporter-output>
        </test-method> <!-- basictest -->
        <test-method is-config="true" signature="tearDown()[pri:0, instance:test.TestNGTodo2@11bd0f3b]" started-at="2022-02-20T19:38:18 IST" name="tearDown" finished-at="2022-02-20T19:38:18 IST" duration-ms="424" status="PASS">
          <reporter-output>
          </reporter-output>
        </test-method> <!-- tearDown -->
      </class> <!-- test.TestNGTodo2 -->
    </test> <!-- Default test -->
  </suite> <!-- Default suite -->
</testng-results>
